{"C:\\Users\\Moein\\Documents\\Codes\\dr_nik_clinic\\src\\server\\modules\\appointment-audit\\application\\write-audit.use-case.ts": {"path":"C:\\Users\\Moein\\Documents\\Codes\\dr_nik_clinic\\src\\server\\modules\\appointment-audit\\application\\write-audit.use-case.ts","statementMap":{"0":{"start":{"line":5,"column":22},"end":{"line":5,"column":62}},"1":{"start":{"line":15,"column":4},"end":{"line":22,"column":null}}},"fnMap":{"0":{"name":"constructor","decl":{"start":{"line":5,"column":2},"end":{"line":5,"column":14}},"loc":{"start":{"line":5,"column":62},"end":{"line":5,"column":null}},"line":5},"1":{"name":"execute","decl":{"start":{"line":7,"column":8},"end":{"line":7,"column":16}},"loc":{"start":{"line":14,"column":20},"end":{"line":23,"column":null}},"line":14}},"branchMap":{"0":{"loc":{"start":{"line":20,"column":18},"end":{"line":20,"column":null}},"type":"cond-expr","locations":[{"start":{"line":20,"column":32},"end":{"line":20,"column":62}},{"start":{"line":20,"column":62},"end":{"line":20,"column":null}}],"line":20},"1":{"loc":{"start":{"line":21,"column":17},"end":{"line":21,"column":null}},"type":"cond-expr","locations":[{"start":{"line":21,"column":30},"end":{"line":21,"column":59}},{"start":{"line":21,"column":59},"end":{"line":21,"column":null}}],"line":21}},"s":{"0":4,"1":4},"f":{"0":4,"1":4},"b":{"0":[3,1],"1":[3,1]},"meta":{"lastBranch":2,"lastFunction":2,"lastStatement":2,"seen":{"f:5:2:5:14":0,"s:5:22:5:62":0,"f:7:8:7:16":1,"s:15:4:22:Infinity":1,"b:20:32:20:62:20:62:20:Infinity":0,"b:21:30:21:59:21:59:21:Infinity":1},"fnNames":{}}}
,"C:\\Users\\Moein\\Documents\\Codes\\dr_nik_clinic\\src\\server\\modules\\doctor-availability\\application\\is-slot-valid.use-case.ts": {"path":"C:\\Users\\Moein\\Documents\\Codes\\dr_nik_clinic\\src\\server\\modules\\doctor-availability\\application\\is-slot-valid.use-case.ts","statementMap":{"0":{"start":{"line":4,"column":31},"end":{"line":4,"column":73}},"1":{"start":{"line":7,"column":18},"end":{"line":7,"column":null}},"2":{"start":{"line":9,"column":4},"end":{"line":11,"column":null}},"3":{"start":{"line":10,"column":6},"end":{"line":10,"column":null}},"4":{"start":{"line":13,"column":20},"end":{"line":13,"column":null}},"5":{"start":{"line":14,"column":24},"end":{"line":14,"column":null}},"6":{"start":{"line":16,"column":25},"end":{"line":21,"column":null}},"7":{"start":{"line":18,"column":8},"end":{"line":20,"column":null}},"8":{"start":{"line":23,"column":4},"end":{"line":23,"column":null}}},"fnMap":{"0":{"name":"constructor","decl":{"start":{"line":4,"column":2},"end":{"line":4,"column":14}},"loc":{"start":{"line":4,"column":73},"end":{"line":4,"column":null}},"line":4},"1":{"name":"execute","decl":{"start":{"line":6,"column":8},"end":{"line":6,"column":16}},"loc":{"start":{"line":6,"column":75},"end":{"line":24,"column":null}},"line":6},"2":{"name":"(anonymous_2)","decl":{"start":{"line":16,"column":31},"end":{"line":16,"column":null}},"loc":{"start":{"line":18,"column":8},"end":{"line":20,"column":null}},"line":18}},"branchMap":{"0":{"loc":{"start":{"line":9,"column":4},"end":{"line":11,"column":null}},"type":"if","locations":[{"start":{"line":9,"column":4},"end":{"line":11,"column":null}},{"start":{},"end":{}}],"line":9},"1":{"loc":{"start":{"line":18,"column":8},"end":{"line":20,"column":null}},"type":"binary-expr","locations":[{"start":{"line":18,"column":8},"end":{"line":18,"column":null}},{"start":{"line":19,"column":8},"end":{"line":19,"column":null}},{"start":{"line":20,"column":8},"end":{"line":20,"column":null}}],"line":18}},"s":{"0":3,"1":3,"2":3,"3":1,"4":2,"5":2,"6":2,"7":2,"8":2},"f":{"0":3,"1":3,"2":2},"b":{"0":[1,2],"1":[2,2,2]},"meta":{"lastBranch":2,"lastFunction":3,"lastStatement":9,"seen":{"f:4:2:4:14":0,"s:4:31:4:73":0,"f:6:8:6:16":1,"s:7:18:7:Infinity":1,"b:9:4:11:Infinity:undefined:undefined:undefined:undefined":0,"s:9:4:11:Infinity":2,"s:10:6:10:Infinity":3,"s:13:20:13:Infinity":4,"s:14:24:14:Infinity":5,"s:16:25:21:Infinity":6,"f:16:31:16:Infinity":2,"s:18:8:20:Infinity":7,"b:18:8:18:Infinity:19:8:19:Infinity:20:8:20:Infinity":1,"s:23:4:23:Infinity":8},"fnNames":{}}}
,"C:\\Users\\Moein\\Documents\\Codes\\dr_nik_clinic\\src\\server\\modules\\doctor-service\\infrastructure\\doctor-service.repository.ts": {"path":"C:\\Users\\Moein\\Documents\\Codes\\dr_nik_clinic\\src\\server\\modules\\doctor-service\\infrastructure\\doctor-service.repository.ts","statementMap":{"0":{"start":{"line":19,"column":31},"end":{"line":19,"column":53}},"1":{"start":{"line":22,"column":4},"end":{"line":25,"column":null}},"2":{"start":{"line":29,"column":4},"end":{"line":32,"column":null}},"3":{"start":{"line":36,"column":4},"end":{"line":38,"column":null}},"4":{"start":{"line":42,"column":4},"end":{"line":44,"column":null}}},"fnMap":{"0":{"name":"constructor","decl":{"start":{"line":19,"column":2},"end":{"line":19,"column":14}},"loc":{"start":{"line":19,"column":53},"end":{"line":19,"column":null}},"line":19},"1":{"name":"findByDoctor","decl":{"start":{"line":21,"column":8},"end":{"line":21,"column":21}},"loc":{"start":{"line":21,"column":73},"end":{"line":26,"column":null}},"line":21},"2":{"name":"findActiveByDoctor","decl":{"start":{"line":28,"column":8},"end":{"line":28,"column":27}},"loc":{"start":{"line":28,"column":79},"end":{"line":33,"column":null}},"line":28},"3":{"name":"deleteAllForDoctor","decl":{"start":{"line":35,"column":8},"end":{"line":35,"column":27}},"loc":{"start":{"line":35,"column":64},"end":{"line":39,"column":null}},"line":35},"4":{"name":"createMany","decl":{"start":{"line":41,"column":8},"end":{"line":41,"column":19}},"loc":{"start":{"line":41,"column":66},"end":{"line":45,"column":null}},"line":41}},"branchMap":{},"s":{"0":4,"1":1,"2":1,"3":1,"4":1},"f":{"0":4,"1":1,"2":1,"3":1,"4":1},"b":{},"meta":{"lastBranch":0,"lastFunction":5,"lastStatement":5,"seen":{"f:19:2:19:14":0,"s:19:31:19:53":0,"f:21:8:21:21":1,"s:22:4:25:Infinity":1,"f:28:8:28:27":2,"s:29:4:32:Infinity":2,"f:35:8:35:27":3,"s:36:4:38:Infinity":3,"f:41:8:41:19":4,"s:42:4:44:Infinity":4},"fnNames":{}}}
,"C:\\Users\\Moein\\Documents\\Codes\\dr_nik_clinic\\src\\server\\modules\\fresh\\application\\add-comment.use-case.ts": {"path":"C:\\Users\\Moein\\Documents\\Codes\\dr_nik_clinic\\src\\server\\modules\\fresh\\application\\add-comment.use-case.ts","statementMap":{"0":{"start":{"line":4,"column":22},"end":{"line":4,"column":51}},"1":{"start":{"line":7,"column":4},"end":{"line":7,"column":null}}},"fnMap":{"0":{"name":"constructor","decl":{"start":{"line":4,"column":2},"end":{"line":4,"column":14}},"loc":{"start":{"line":4,"column":51},"end":{"line":4,"column":null}},"line":4},"1":{"name":"execute","decl":{"start":{"line":6,"column":8},"end":{"line":6,"column":16}},"loc":{"start":{"line":6,"column":90},"end":{"line":8,"column":null}},"line":6}},"branchMap":{},"s":{"0":2,"1":2},"f":{"0":2,"1":2},"b":{},"meta":{"lastBranch":0,"lastFunction":2,"lastStatement":2,"seen":{"f:4:2:4:14":0,"s:4:22:4:51":0,"f:6:8:6:16":1,"s:7:4:7:Infinity":1},"fnNames":{}}}
,"C:\\Users\\Moein\\Documents\\Codes\\dr_nik_clinic\\src\\server\\modules\\fresh\\application\\create-post.use-case.ts": {"path":"C:\\Users\\Moein\\Documents\\Codes\\dr_nik_clinic\\src\\server\\modules\\fresh\\application\\create-post.use-case.ts","statementMap":{"0":{"start":{"line":4,"column":22},"end":{"line":4,"column":51}},"1":{"start":{"line":7,"column":4},"end":{"line":7,"column":null}}},"fnMap":{"0":{"name":"constructor","decl":{"start":{"line":4,"column":2},"end":{"line":4,"column":14}},"loc":{"start":{"line":4,"column":51},"end":{"line":4,"column":null}},"line":4},"1":{"name":"execute","decl":{"start":{"line":6,"column":8},"end":{"line":6,"column":16}},"loc":{"start":{"line":6,"column":65},"end":{"line":8,"column":null}},"line":6}},"branchMap":{},"s":{"0":2,"1":2},"f":{"0":2,"1":2},"b":{},"meta":{"lastBranch":0,"lastFunction":2,"lastStatement":2,"seen":{"f:4:2:4:14":0,"s:4:22:4:51":0,"f:6:8:6:16":1,"s:7:4:7:Infinity":1},"fnNames":{}}}
,"C:\\Users\\Moein\\Documents\\Codes\\dr_nik_clinic\\src\\server\\modules\\fresh\\application\\toggle-like.use-case.ts": {"path":"C:\\Users\\Moein\\Documents\\Codes\\dr_nik_clinic\\src\\server\\modules\\fresh\\application\\toggle-like.use-case.ts","statementMap":{"0":{"start":{"line":4,"column":22},"end":{"line":4,"column":51}},"1":{"start":{"line":7,"column":4},"end":{"line":7,"column":null}}},"fnMap":{"0":{"name":"constructor","decl":{"start":{"line":4,"column":2},"end":{"line":4,"column":14}},"loc":{"start":{"line":4,"column":51},"end":{"line":4,"column":null}},"line":4},"1":{"name":"execute","decl":{"start":{"line":6,"column":8},"end":{"line":6,"column":16}},"loc":{"start":{"line":6,"column":77},"end":{"line":8,"column":null}},"line":6}},"branchMap":{},"s":{"0":2,"1":2},"f":{"0":2,"1":2},"b":{},"meta":{"lastBranch":0,"lastFunction":2,"lastStatement":2,"seen":{"f:4:2:4:14":0,"s:4:22:4:51":0,"f:6:8:6:16":1,"s:7:4:7:Infinity":1},"fnNames":{}}}
,"C:\\Users\\Moein\\Documents\\Codes\\dr_nik_clinic\\src\\server\\modules\\fresh\\infrastructure\\fresh.repository.ts": {"path":"C:\\Users\\Moein\\Documents\\Codes\\dr_nik_clinic\\src\\server\\modules\\fresh\\infrastructure\\fresh.repository.ts","statementMap":{"0":{"start":{"line":55,"column":22},"end":{"line":55,"column":44}},"1":{"start":{"line":58,"column":4},"end":{"line":71,"column":null}},"2":{"start":{"line":75,"column":4},"end":{"line":100,"column":null}},"3":{"start":{"line":104,"column":4},"end":{"line":113,"column":null}},"4":{"start":{"line":117,"column":4},"end":{"line":125,"column":null}},"5":{"start":{"line":129,"column":22},"end":{"line":129,"column":null}},"6":{"start":{"line":130,"column":4},"end":{"line":130,"column":null}},"7":{"start":{"line":130,"column":39},"end":{"line":130,"column":null}},"8":{"start":{"line":131,"column":4},"end":{"line":131,"column":null}},"9":{"start":{"line":131,"column":38},"end":{"line":131,"column":null}},"10":{"start":{"line":132,"column":4},"end":{"line":132,"column":null}},"11":{"start":{"line":132,"column":37},"end":{"line":132,"column":null}},"12":{"start":{"line":133,"column":4},"end":{"line":133,"column":null}},"13":{"start":{"line":133,"column":36},"end":{"line":133,"column":null}},"14":{"start":{"line":135,"column":4},"end":{"line":143,"column":null}},"15":{"start":{"line":147,"column":4},"end":{"line":147,"column":null}},"16":{"start":{"line":151,"column":21},"end":{"line":153,"column":null}},"17":{"start":{"line":155,"column":4},"end":{"line":163,"column":null}},"18":{"start":{"line":156,"column":6},"end":{"line":156,"column":null}},"19":{"start":{"line":157,"column":6},"end":{"line":157,"column":null}},"20":{"start":{"line":159,"column":6},"end":{"line":161,"column":null}},"21":{"start":{"line":162,"column":6},"end":{"line":162,"column":null}},"22":{"start":{"line":167,"column":20},"end":{"line":169,"column":null}},"23":{"start":{"line":170,"column":4},"end":{"line":170,"column":null}},"24":{"start":{"line":174,"column":20},"end":{"line":176,"column":null}},"25":{"start":{"line":178,"column":4},"end":{"line":180,"column":null}},"26":{"start":{"line":179,"column":6},"end":{"line":179,"column":null}},"27":{"start":{"line":182,"column":4},"end":{"line":182,"column":null}}},"fnMap":{"0":{"name":"constructor","decl":{"start":{"line":55,"column":2},"end":{"line":55,"column":14}},"loc":{"start":{"line":55,"column":44},"end":{"line":55,"column":null}},"line":55},"1":{"name":"create","decl":{"start":{"line":57,"column":8},"end":{"line":57,"column":15}},"loc":{"start":{"line":57,"column":64},"end":{"line":72,"column":null}},"line":57},"2":{"name":"findById","decl":{"start":{"line":74,"column":8},"end":{"line":74,"column":17}},"loc":{"start":{"line":74,"column":67},"end":{"line":101,"column":null}},"line":74},"3":{"name":"listPublished","decl":{"start":{"line":103,"column":8},"end":{"line":103,"column":22}},"loc":{"start":{"line":103,"column":56},"end":{"line":114,"column":null}},"line":103},"4":{"name":"listByAuthor","decl":{"start":{"line":116,"column":8},"end":{"line":116,"column":21}},"loc":{"start":{"line":116,"column":65},"end":{"line":126,"column":null}},"line":116},"5":{"name":"update","decl":{"start":{"line":128,"column":8},"end":{"line":128,"column":15}},"loc":{"start":{"line":128,"column":64},"end":{"line":144,"column":null}},"line":128},"6":{"name":"delete","decl":{"start":{"line":146,"column":8},"end":{"line":146,"column":15}},"loc":{"start":{"line":146,"column":42},"end":{"line":148,"column":null}},"line":146},"7":{"name":"toggleLike","decl":{"start":{"line":150,"column":8},"end":{"line":150,"column":19}},"loc":{"start":{"line":150,"column":80},"end":{"line":164,"column":null}},"line":150},"8":{"name":"addComment","decl":{"start":{"line":166,"column":8},"end":{"line":166,"column":19}},"loc":{"start":{"line":166,"column":93},"end":{"line":171,"column":null}},"line":166},"9":{"name":"deleteComment","decl":{"start":{"line":173,"column":8},"end":{"line":173,"column":22}},"loc":{"start":{"line":173,"column":72},"end":{"line":183,"column":null}},"line":173}},"branchMap":{"0":{"loc":{"start":{"line":63,"column":17},"end":{"line":63,"column":null}},"type":"binary-expr","locations":[{"start":{"line":63,"column":17},"end":{"line":63,"column":34}},{"start":{"line":63,"column":34},"end":{"line":63,"column":null}}],"line":63},"1":{"loc":{"start":{"line":64,"column":16},"end":{"line":64,"column":null}},"type":"binary-expr","locations":[{"start":{"line":64,"column":16},"end":{"line":64,"column":32}},{"start":{"line":64,"column":32},"end":{"line":64,"column":null}}],"line":64},"2":{"loc":{"start":{"line":103,"column":22},"end":{"line":103,"column":56}},"type":"default-arg","locations":[{"start":{"line":103,"column":30},"end":{"line":103,"column":56}}],"line":103},"3":{"loc":{"start":{"line":130,"column":4},"end":{"line":130,"column":null}},"type":"if","locations":[{"start":{"line":130,"column":4},"end":{"line":130,"column":null}},{"start":{},"end":{}}],"line":130},"4":{"loc":{"start":{"line":131,"column":4},"end":{"line":131,"column":null}},"type":"if","locations":[{"start":{"line":131,"column":4},"end":{"line":131,"column":null}},{"start":{},"end":{}}],"line":131},"5":{"loc":{"start":{"line":132,"column":4},"end":{"line":132,"column":null}},"type":"if","locations":[{"start":{"line":132,"column":4},"end":{"line":132,"column":null}},{"start":{},"end":{}}],"line":132},"6":{"loc":{"start":{"line":133,"column":4},"end":{"line":133,"column":null}},"type":"if","locations":[{"start":{"line":133,"column":4},"end":{"line":133,"column":null}},{"start":{},"end":{}}],"line":133},"7":{"loc":{"start":{"line":155,"column":4},"end":{"line":163,"column":null}},"type":"if","locations":[{"start":{"line":155,"column":4},"end":{"line":163,"column":null}},{"start":{"line":158,"column":11},"end":{"line":163,"column":null}}],"line":155},"8":{"loc":{"start":{"line":178,"column":4},"end":{"line":180,"column":null}},"type":"if","locations":[{"start":{"line":178,"column":4},"end":{"line":180,"column":null}},{"start":{},"end":{}}],"line":178},"9":{"loc":{"start":{"line":178,"column":8},"end":{"line":178,"column":47}},"type":"binary-expr","locations":[{"start":{"line":178,"column":8},"end":{"line":178,"column":20}},{"start":{"line":178,"column":20},"end":{"line":178,"column":47}}],"line":178}},"s":{"0":6,"1":1,"2":1,"3":1,"4":0,"5":0,"6":0,"7":0,"8":0,"9":0,"10":0,"11":0,"12":0,"13":0,"14":0,"15":0,"16":2,"17":2,"18":1,"19":1,"20":1,"21":1,"22":1,"23":1,"24":0,"25":0,"26":0,"27":0},"f":{"0":6,"1":1,"2":1,"3":1,"4":0,"5":0,"6":0,"7":2,"8":1,"9":0},"b":{"0":[1,0],"1":[1,1],"2":[1],"3":[0,0],"4":[0,0],"5":[0,0],"6":[0,0],"7":[1,1],"8":[0,0],"9":[0,0]},"meta":{"lastBranch":10,"lastFunction":10,"lastStatement":28,"seen":{"f:55:2:55:14":0,"s:55:22:55:44":0,"f:57:8:57:15":1,"s:58:4:71:Infinity":1,"b:63:17:63:34:63:34:63:Infinity":0,"b:64:16:64:32:64:32:64:Infinity":1,"f:74:8:74:17":2,"s:75:4:100:Infinity":2,"f:103:8:103:22":3,"b:103:30:103:56":2,"s:104:4:113:Infinity":3,"f:116:8:116:21":4,"s:117:4:125:Infinity":4,"f:128:8:128:15":5,"s:129:22:129:Infinity":5,"b:130:4:130:Infinity:undefined:undefined:undefined:undefined":3,"s:130:4:130:Infinity":6,"s:130:39:130:Infinity":7,"b:131:4:131:Infinity:undefined:undefined:undefined:undefined":4,"s:131:4:131:Infinity":8,"s:131:38:131:Infinity":9,"b:132:4:132:Infinity:undefined:undefined:undefined:undefined":5,"s:132:4:132:Infinity":10,"s:132:37:132:Infinity":11,"b:133:4:133:Infinity:undefined:undefined:undefined:undefined":6,"s:133:4:133:Infinity":12,"s:133:36:133:Infinity":13,"s:135:4:143:Infinity":14,"f:146:8:146:15":6,"s:147:4:147:Infinity":15,"f:150:8:150:19":7,"s:151:21:153:Infinity":16,"b:155:4:163:Infinity:158:11:163:Infinity":7,"s:155:4:163:Infinity":17,"s:156:6:156:Infinity":18,"s:157:6:157:Infinity":19,"s:159:6:161:Infinity":20,"s:162:6:162:Infinity":21,"f:166:8:166:19":8,"s:167:20:169:Infinity":22,"s:170:4:170:Infinity":23,"f:173:8:173:22":9,"s:174:20:176:Infinity":24,"b:178:4:180:Infinity:undefined:undefined:undefined:undefined":8,"s:178:4:180:Infinity":25,"b:178:8:178:20:178:20:178:47":9,"s:179:6:179:Infinity":26,"s:182:4:182:Infinity":27},"fnNames":{}}}
,"C:\\Users\\Moein\\Documents\\Codes\\dr_nik_clinic\\src\\server\\security\\in-memory-rate-limiter.ts": {"path":"C:\\Users\\Moein\\Documents\\Codes\\dr_nik_clinic\\src\\server\\security\\in-memory-rate-limiter.ts","statementMap":{"0":{"start":{"line":13,"column":29},"end":{"line":13,"column":null}},"1":{"start":{"line":16,"column":16},"end":{"line":16,"column":null}},"2":{"start":{"line":17,"column":21},"end":{"line":17,"column":null}},"3":{"start":{"line":18,"column":21},"end":{"line":18,"column":null}},"4":{"start":{"line":20,"column":4},"end":{"line":27,"column":null}},"5":{"start":{"line":21,"column":6},"end":{"line":21,"column":null}},"6":{"start":{"line":22,"column":6},"end":{"line":26,"column":null}},"7":{"start":{"line":29,"column":4},"end":{"line":35,"column":null}},"8":{"start":{"line":30,"column":6},"end":{"line":34,"column":null}},"9":{"start":{"line":37,"column":4},"end":{"line":37,"column":null}},"10":{"start":{"line":38,"column":4},"end":{"line":38,"column":null}},"11":{"start":{"line":40,"column":4},"end":{"line":44,"column":null}}},"fnMap":{"0":{"name":"check","decl":{"start":{"line":15,"column":2},"end":{"line":15,"column":8}},"loc":{"start":{"line":15,"column":82},"end":{"line":45,"column":null}},"line":15}},"branchMap":{"0":{"loc":{"start":{"line":20,"column":4},"end":{"line":27,"column":null}},"type":"if","locations":[{"start":{"line":20,"column":4},"end":{"line":27,"column":null}},{"start":{},"end":{}}],"line":20},"1":{"loc":{"start":{"line":20,"column":8},"end":{"line":20,"column":46}},"type":"binary-expr","locations":[{"start":{"line":20,"column":8},"end":{"line":20,"column":21}},{"start":{"line":20,"column":21},"end":{"line":20,"column":46}}],"line":20},"2":{"loc":{"start":{"line":29,"column":4},"end":{"line":35,"column":null}},"type":"if","locations":[{"start":{"line":29,"column":4},"end":{"line":35,"column":null}},{"start":{},"end":{}}],"line":29}},"s":{"0":5,"1":14,"2":14,"3":14,"4":14,"5":7,"6":7,"7":7,"8":3,"9":4,"10":4,"11":4},"f":{"0":14},"b":{"0":[7,7],"1":[14,8],"2":[3,4]},"meta":{"lastBranch":3,"lastFunction":1,"lastStatement":12,"seen":{"s:13:29:13:Infinity":0,"f:15:2:15:8":0,"s:16:16:16:Infinity":1,"s:17:21:17:Infinity":2,"s:18:21:18:Infinity":3,"b:20:4:27:Infinity:undefined:undefined:undefined:undefined":0,"s:20:4:27:Infinity":4,"b:20:8:20:21:20:21:20:46":1,"s:21:6:21:Infinity":5,"s:22:6:26:Infinity":6,"b:29:4:35:Infinity:undefined:undefined:undefined:undefined":2,"s:29:4:35:Infinity":7,"s:30:6:34:Infinity":8,"s:37:4:37:Infinity":9,"s:38:4:38:Infinity":10,"s:40:4:44:Infinity":11},"fnNames":{}}}
,"C:\\Users\\Moein\\Documents\\Codes\\dr_nik_clinic\\src\\server\\security\\login-lockout.service.ts": {"path":"C:\\Users\\Moein\\Documents\\Codes\\dr_nik_clinic\\src\\server\\security\\login-lockout.service.ts","statementMap":{"0":{"start":{"line":7,"column":29},"end":{"line":7,"column":null}},"1":{"start":{"line":10,"column":21},"end":{"line":10,"column":null}},"2":{"start":{"line":11,"column":21},"end":{"line":11,"column":null}},"3":{"start":{"line":15,"column":16},"end":{"line":15,"column":null}},"4":{"start":{"line":16,"column":18},"end":{"line":16,"column":null}},"5":{"start":{"line":18,"column":4},"end":{"line":20,"column":null}},"6":{"start":{"line":19,"column":6},"end":{"line":19,"column":null}},"7":{"start":{"line":22,"column":24},"end":{"line":22,"column":null}},"8":{"start":{"line":23,"column":4},"end":{"line":27,"column":null}},"9":{"start":{"line":24,"column":6},"end":{"line":24,"column":null}},"10":{"start":{"line":25,"column":6},"end":{"line":25,"column":null}},"11":{"start":{"line":26,"column":6},"end":{"line":26,"column":null}},"12":{"start":{"line":29,"column":4},"end":{"line":29,"column":null}},"13":{"start":{"line":33,"column":16},"end":{"line":33,"column":null}},"14":{"start":{"line":34,"column":16},"end":{"line":34,"column":null}},"15":{"start":{"line":35,"column":18},"end":{"line":35,"column":null}},"16":{"start":{"line":37,"column":4},"end":{"line":39,"column":null}},"17":{"start":{"line":38,"column":6},"end":{"line":38,"column":null}},"18":{"start":{"line":41,"column":4},"end":{"line":44,"column":null}},"19":{"start":{"line":42,"column":6},"end":{"line":42,"column":null}},"20":{"start":{"line":43,"column":6},"end":{"line":43,"column":null}},"21":{"start":{"line":46,"column":4},"end":{"line":46,"column":null}},"22":{"start":{"line":48,"column":4},"end":{"line":51,"column":null}},"23":{"start":{"line":49,"column":6},"end":{"line":49,"column":null}},"24":{"start":{"line":50,"column":6},"end":{"line":50,"column":null}},"25":{"start":{"line":53,"column":4},"end":{"line":53,"column":null}},"26":{"start":{"line":54,"column":4},"end":{"line":54,"column":null}},"27":{"start":{"line":58,"column":16},"end":{"line":58,"column":null}},"28":{"start":{"line":59,"column":4},"end":{"line":59,"column":null}},"29":{"start":{"line":63,"column":4},"end":{"line":63,"column":null}}},"fnMap":{"0":{"name":"constructor","decl":{"start":{"line":9,"column":2},"end":{"line":9,"column":null}},"loc":{"start":{"line":12,"column":4},"end":{"line":12,"column":null}},"line":12},"1":{"name":"getRemainingLockSeconds","decl":{"start":{"line":14,"column":2},"end":{"line":14,"column":26}},"loc":{"start":{"line":14,"column":54},"end":{"line":30,"column":null}},"line":14},"2":{"name":"registerFailure","decl":{"start":{"line":32,"column":2},"end":{"line":32,"column":18}},"loc":{"start":{"line":32,"column":46},"end":{"line":55,"column":null}},"line":32},"3":{"name":"registerSuccess","decl":{"start":{"line":57,"column":2},"end":{"line":57,"column":18}},"loc":{"start":{"line":57,"column":44},"end":{"line":60,"column":null}},"line":57},"4":{"name":"normalize","decl":{"start":{"line":62,"column":2},"end":{"line":62,"column":10}},"loc":{"start":{"line":62,"column":35},"end":{"line":64,"column":null}},"line":62}},"branchMap":{"0":{"loc":{"start":{"line":18,"column":4},"end":{"line":20,"column":null}},"type":"if","locations":[{"start":{"line":18,"column":4},"end":{"line":20,"column":null}},{"start":{},"end":{}}],"line":18},"1":{"loc":{"start":{"line":23,"column":4},"end":{"line":27,"column":null}},"type":"if","locations":[{"start":{"line":23,"column":4},"end":{"line":27,"column":null}},{"start":{},"end":{}}],"line":23},"2":{"loc":{"start":{"line":35,"column":18},"end":{"line":35,"column":null}},"type":"binary-expr","locations":[{"start":{"line":35,"column":18},"end":{"line":35,"column":43}},{"start":{"line":35,"column":43},"end":{"line":35,"column":null}}],"line":35},"3":{"loc":{"start":{"line":37,"column":4},"end":{"line":39,"column":null}},"type":"if","locations":[{"start":{"line":37,"column":4},"end":{"line":39,"column":null}},{"start":{},"end":{}}],"line":37},"4":{"loc":{"start":{"line":37,"column":8},"end":{"line":37,"column":50}},"type":"binary-expr","locations":[{"start":{"line":37,"column":8},"end":{"line":37,"column":27}},{"start":{"line":37,"column":27},"end":{"line":37,"column":50}}],"line":37},"5":{"loc":{"start":{"line":41,"column":4},"end":{"line":44,"column":null}},"type":"if","locations":[{"start":{"line":41,"column":4},"end":{"line":44,"column":null}},{"start":{},"end":{}}],"line":41},"6":{"loc":{"start":{"line":41,"column":8},"end":{"line":41,"column":51}},"type":"binary-expr","locations":[{"start":{"line":41,"column":8},"end":{"line":41,"column":27}},{"start":{"line":41,"column":27},"end":{"line":41,"column":51}}],"line":41},"7":{"loc":{"start":{"line":48,"column":4},"end":{"line":51,"column":null}},"type":"if","locations":[{"start":{"line":48,"column":4},"end":{"line":51,"column":null}},{"start":{},"end":{}}],"line":48}},"s":{"0":5,"1":5,"2":5,"3":22,"4":22,"5":22,"6":15,"7":7,"8":7,"9":1,"10":1,"11":1,"12":6,"13":15,"14":15,"15":15,"16":15,"17":0,"18":15,"19":0,"20":0,"21":15,"22":15,"23":3,"24":3,"25":15,"26":15,"27":1,"28":1,"29":38},"f":{"0":5,"1":22,"2":15,"3":1,"4":38},"b":{"0":[15,7],"1":[1,6],"2":[15,7],"3":[0,15],"4":[15,0],"5":[0,15],"6":[15,0],"7":[3,12]},"meta":{"lastBranch":8,"lastFunction":5,"lastStatement":30,"seen":{"s:7:29:7:Infinity":0,"f:9:2:9:Infinity":0,"s:10:21:10:Infinity":1,"s:11:21:11:Infinity":2,"f:14:2:14:26":1,"s:15:16:15:Infinity":3,"s:16:18:16:Infinity":4,"b:18:4:20:Infinity:undefined:undefined:undefined:undefined":0,"s:18:4:20:Infinity":5,"s:19:6:19:Infinity":6,"s:22:24:22:Infinity":7,"b:23:4:27:Infinity:undefined:undefined:undefined:undefined":1,"s:23:4:27:Infinity":8,"s:24:6:24:Infinity":9,"s:25:6:25:Infinity":10,"s:26:6:26:Infinity":11,"s:29:4:29:Infinity":12,"f:32:2:32:18":2,"s:33:16:33:Infinity":13,"s:34:16:34:Infinity":14,"s:35:18:35:Infinity":15,"b:35:18:35:43:35:43:35:Infinity":2,"b:37:4:39:Infinity:undefined:undefined:undefined:undefined":3,"s:37:4:39:Infinity":16,"b:37:8:37:27:37:27:37:50":4,"s:38:6:38:Infinity":17,"b:41:4:44:Infinity:undefined:undefined:undefined:undefined":5,"s:41:4:44:Infinity":18,"b:41:8:41:27:41:27:41:51":6,"s:42:6:42:Infinity":19,"s:43:6:43:Infinity":20,"s:46:4:46:Infinity":21,"b:48:4:51:Infinity:undefined:undefined:undefined:undefined":7,"s:48:4:51:Infinity":22,"s:49:6:49:Infinity":23,"s:50:6:50:Infinity":24,"s:53:4:53:Infinity":25,"s:54:4:54:Infinity":26,"f:57:2:57:18":3,"s:58:16:58:Infinity":27,"s:59:4:59:Infinity":28,"f:62:2:62:10":4,"s:63:4:63:Infinity":29},"fnNames":{}}}
}
